<?xml version="1.0" encoding="UTF-8"?>
<!-- Generated by org.testng.reporters.JUnitXMLReporter -->
<testsuite ignored="3" hostname="DESKTOP-JCJ8HOK" failures="0" tests="2" name="Create PortifolioTest" time="9.653" errors="0" timestamp="18 Nov 2021 13:55:23 GMT">
  <testcase classname="testcases.Session" name="doLogin" time="1.791"/>
  <testcase classname="testcases.PortifolioManagement" name="createportifolio" time="0.003"/>
  <testcase classname="testcases.Session" name="doLogout" time="0.0">
    <ignored/>
  </testcase> <!-- doLogout -->
  <testcase classname="bases.BaseTest" name="@BeforeTest beforeTest" time="0.0">
    <ignored/>
  </testcase> <!-- @BeforeTest beforeTest -->
  <testcase classname="testcases.PortifolioManagement" name="deleteportifolio" time="0.0">
    <ignored/>
  </testcase> <!-- deleteportifolio -->
</testsuite> <!-- Create PortifolioTest -->
