<?xml version="1.0" encoding="UTF-8"?>
<!-- Generated by org.testng.reporters.JUnitXMLReporter -->
<testsuite ignored="4" hostname="DESKTOP-JCJ8HOK" failures="0" tests="2" name="Delete PortifolioTest" time="5.581" errors="0" timestamp="19 Nov 2021 13:37:10 GMT">
  <testcase classname="testcases.Session" name="doLogin" time="1.808"/>
  <testcase classname="testcases.PortifolioManagement" name="deleteportifolio" time="0.012"/>
  <testcase classname="testcases.Session" name="doLogout" time="0.0">
    <ignored/>
  </testcase> <!-- doLogout -->
  <testcase classname="bases.BaseTest" name="@AfterTest quit" time="0.0">
    <ignored/>
  </testcase> <!-- @AfterTest quit -->
  <testcase classname="bases.BaseTest" name="@BeforeTest beforeTest" time="0.0">
    <ignored/>
  </testcase> <!-- @BeforeTest beforeTest -->
  <testcase classname="testcases.PortifolioManagement" name="createportifolio" time="0.0">
    <ignored/>
  </testcase> <!-- createportifolio -->
</testsuite> <!-- Delete PortifolioTest -->
