<?xml version="1.0" encoding="UTF-8"?>
<!-- Generated by org.testng.reporters.JUnitXMLReporter -->
<testsuite ignored="0" hostname="DESKTOP-JCJ8HOK" failures="0" tests="3" name="Default test" time="0.272" errors="0" timestamp="2021-10-21T19:22:19 IST">
  <testcase classname="testcases.BookingSearch" name="searchHotel" time="0.035"/>
  <testcase classname="testcases.BookingSearch" name="selectHotel" time="0.004"/>
  <testcase classname="testcases.BookingSearch" name="enterGuestInfo" time="0.003"/>
</testsuite> <!-- Default test -->
