<?xml version="1.0" encoding="UTF-8"?>
<!-- Generated by org.testng.reporters.JUnitXMLReporter -->
<testsuite ignored="3" hostname="DESKTOP-JCJ8HOK" failures="0" tests="1" name="Test" time="11.703" errors="0" timestamp="2021-10-18T19:28:55 IST">
  <testcase classname="com.project.LinksTesting1" name="linktesting1" time="2.042"/>
  <testcase classname="com.project.CheckBox1" name="checkboxTest" time="0.0">
    <ignored/>
  </testcase> <!-- checkboxTest -->
  <testcase classname="com.project.RadioButton1" name="radioButtonTest" time="0.0">
    <ignored/>
  </testcase> <!-- radioButtonTest -->
  <testcase classname="com.project.TNG_003" name="f" time="0.0">
    <ignored/>
  </testcase> <!-- f -->
</testsuite> <!-- Test -->
