<?xml version="1.0" encoding="UTF-8"?>
<!-- Generated by org.testng.reporters.JUnitXMLReporter -->
<testsuite ignored="1" hostname="DESKTOP-JCJ8HOK" failures="0" tests="2" name="Default test" time="0.123" errors="0" timestamp="2021-10-12T19:23:12 IST">
  <testcase classname="com.project.TNG_002" name="f" time="0.013"/>
  <testcase classname="com.project.TNG_002" name="z" time="0.002"/>
  <testcase classname="com.project.TNG_002" name="a" time="0.0">
    <ignored/>
  </testcase> <!-- a -->
</testsuite> <!-- Default test -->
