<?xml version="1.0" encoding="UTF-8"?>
<!-- Generated by org.testng.reporters.JUnitXMLReporter -->
<testsuite ignored="0" hostname="DESKTOP-JCJ8HOK" failures="0" tests="4" name="Default test" time="0.146" errors="0" timestamp="2021-10-19T18:50:05 IST">
  <testcase classname="com.project.TestDependency" name="orange" time="0.019"/>
  <testcase classname="com.project.TestDependency" name="white" time="0.002"/>
  <testcase classname="com.project.TestDependency" name="blue" time="0.006">
    <skipped/>
  </testcase> <!-- blue -->
  <testcase classname="com.project.TestDependency" name="green" time="0.0">
    <skipped/>
  </testcase> <!-- green -->
</testsuite> <!-- Default test -->
