<?xml version="1.0" encoding="UTF-8"?>
<testng-results ignored="0" total="3" passed="3" failed="0" skipped="0">
  <reporter-output>
  </reporter-output>
  <suite started-at="2021-10-25T13:25:25Z" name="Default suite" finished-at="2021-10-25T13:25:28Z" duration-ms="3033">
    <groups>
    </groups>
    <test started-at="2021-10-25T13:25:25Z" name="Default test" finished-at="2021-10-25T13:25:28Z" duration-ms="3033">
      <class name="excelDataDriven.DataManagementWithDataProvider">
        <test-method signature="f(java.lang.String, java.lang.String, java.lang.String, java.lang.String)[pri:0, instance:excelDataDriven.DataManagementWithDataProvider@6bf08014]" started-at="2021-10-25T13:25:28Z" name="f" data-provider="getData" finished-at="2021-10-25T13:25:28Z" duration-ms="46" status="PASS">
          <params>
            <param index="0">
              <value>
                <![CDATA[N]]>
              </value>
            </param>
            <param index="1">
              <value>
                <![CDATA[chrome]]>
              </value>
            </param>
            <param index="2">
              <value>
                <![CDATA[dummy1]]>
              </value>
            </param>
            <param index="3">
              <value>
                <![CDATA[dummy2]]>
              </value>
            </param>
          </params>
          <reporter-output>
          </reporter-output>
        </test-method> <!-- f -->
        <test-method signature="f(java.lang.String, java.lang.String, java.lang.String, java.lang.String)[pri:0, instance:excelDataDriven.DataManagementWithDataProvider@6bf08014]" started-at="2021-10-25T13:25:28Z" name="f" data-provider="getData" finished-at="2021-10-25T13:25:28Z" duration-ms="7" status="PASS">
          <params>
            <param index="0">
              <value>
                <![CDATA[N]]>
              </value>
            </param>
            <param index="1">
              <value>
                <![CDATA[firefox]]>
              </value>
            </param>
            <param index="2">
              <value>
                <![CDATA[dummy3]]>
              </value>
            </param>
            <param index="3">
              <value>
                <![CDATA[dummy4]]>
              </value>
            </param>
          </params>
          <reporter-output>
          </reporter-output>
        </test-method> <!-- f -->
        <test-method signature="f(java.lang.String, java.lang.String, java.lang.String, java.lang.String)[pri:0, instance:excelDataDriven.DataManagementWithDataProvider@6bf08014]" started-at="2021-10-25T13:25:28Z" name="f" data-provider="getData" finished-at="2021-10-25T13:25:28Z" duration-ms="7" status="PASS">
          <params>
            <param index="0">
              <value>
                <![CDATA[N]]>
              </value>
            </param>
            <param index="1">
              <value>
                <![CDATA[firefox]]>
              </value>
            </param>
            <param index="2">
              <value>
                <![CDATA[dummy5]]>
              </value>
            </param>
            <param index="3">
              <value>
                <![CDATA[dummy6]]>
              </value>
            </param>
          </params>
          <reporter-output>
          </reporter-output>
        </test-method> <!-- f -->
      </class> <!-- excelDataDriven.DataManagementWithDataProvider -->
    </test> <!-- Default test -->
  </suite> <!-- Default suite -->
</testng-results>
