<?xml version="1.0" encoding="UTF-8"?>
<testng-results ignored="1" total="3" passed="2" failed="0" skipped="0">
  <reporter-output>
  </reporter-output>
  <suite started-at="2021-10-12T19:23:11 IST" name="Default suite" finished-at="2021-10-12T19:23:12 IST" duration-ms="123">
    <groups>
    </groups>
    <test started-at="2021-10-12T19:23:11 IST" name="Default test" finished-at="2021-10-12T19:23:12 IST" duration-ms="123">
      <class name="com.project.TNG_002">
        <test-method is-config="true" signature="beforeSuite()[pri:0, instance:com.project.TNG_002@6283d8b8]" started-at="2021-10-12T19:23:11 IST" name="beforeSuite" finished-at="2021-10-12T19:23:11 IST" duration-ms="17" status="PASS">
          <reporter-output>
          </reporter-output>
        </test-method> <!-- beforeSuite -->
        <test-method is-config="true" signature="beforeTest()[pri:0, instance:com.project.TNG_002@6283d8b8]" started-at="2021-10-12T19:23:11 IST" name="beforeTest" finished-at="2021-10-12T19:23:11 IST" duration-ms="1" status="PASS">
          <reporter-output>
          </reporter-output>
        </test-method> <!-- beforeTest -->
        <test-method is-config="true" signature="beforeClass()[pri:0, instance:com.project.TNG_002@6283d8b8]" started-at="2021-10-12T19:23:11 IST" name="beforeClass" finished-at="2021-10-12T19:23:11 IST" duration-ms="1" status="PASS">
          <reporter-output>
          </reporter-output>
        </test-method> <!-- beforeClass -->
        <test-method is-config="true" signature="beforeMethod()[pri:0, instance:com.project.TNG_002@6283d8b8]" started-at="2021-10-12T19:23:12 IST" name="beforeMethod" finished-at="2021-10-12T19:23:12 IST" duration-ms="0" status="PASS">
          <reporter-output>
          </reporter-output>
        </test-method> <!-- beforeMethod -->
        <test-method signature="f()[pri:1, instance:com.project.TNG_002@6283d8b8]" started-at="2021-10-12T19:23:12 IST" name="f" finished-at="2021-10-12T19:23:12 IST" duration-ms="13" status="PASS">
          <reporter-output>
          </reporter-output>
        </test-method> <!-- f -->
        <test-method is-config="true" signature="afterMethod()[pri:0, instance:com.project.TNG_002@6283d8b8]" started-at="2021-10-12T19:23:12 IST" name="afterMethod" finished-at="2021-10-12T19:23:12 IST" duration-ms="1" status="PASS">
          <reporter-output>
          </reporter-output>
        </test-method> <!-- afterMethod -->
        <test-method is-config="true" signature="beforeMethod()[pri:0, instance:com.project.TNG_002@6283d8b8]" started-at="2021-10-12T19:23:12 IST" name="beforeMethod" finished-at="2021-10-12T19:23:12 IST" duration-ms="1" status="PASS">
          <reporter-output>
          </reporter-output>
        </test-method> <!-- beforeMethod -->
        <test-method signature="z()[pri:3, instance:com.project.TNG_002@6283d8b8]" started-at="2021-10-12T19:23:12 IST" name="z" finished-at="2021-10-12T19:23:12 IST" duration-ms="2" status="PASS">
          <reporter-output>
          </reporter-output>
        </test-method> <!-- z -->
        <test-method is-config="true" signature="afterMethod()[pri:0, instance:com.project.TNG_002@6283d8b8]" started-at="2021-10-12T19:23:12 IST" name="afterMethod" finished-at="2021-10-12T19:23:12 IST" duration-ms="5" status="PASS">
          <reporter-output>
          </reporter-output>
        </test-method> <!-- afterMethod -->
        <test-method is-config="true" signature="afterClass()[pri:0, instance:com.project.TNG_002@6283d8b8]" started-at="2021-10-12T19:23:12 IST" name="afterClass" finished-at="2021-10-12T19:23:12 IST" duration-ms="0" status="PASS">
          <reporter-output>
          </reporter-output>
        </test-method> <!-- afterClass -->
        <test-method is-config="true" signature="afterTest()[pri:0, instance:com.project.TNG_002@6283d8b8]" started-at="2021-10-12T19:23:12 IST" name="afterTest" finished-at="2021-10-12T19:23:12 IST" duration-ms="1" status="PASS">
          <reporter-output>
          </reporter-output>
        </test-method> <!-- afterTest -->
        <test-method is-config="true" signature="afterSuite()[pri:0, instance:com.project.TNG_002@6283d8b8]" started-at="2021-10-12T19:23:12 IST" name="afterSuite" finished-at="2021-10-12T19:23:12 IST" duration-ms="1" status="PASS">
          <reporter-output>
          </reporter-output>
        </test-method> <!-- afterSuite -->
      </class> <!-- com.project.TNG_002 -->
    </test> <!-- Default test -->
  </suite> <!-- Default suite -->
</testng-results>
