<?xml version="1.0" encoding="UTF-8"?>
<!-- Generated by org.testng.reporters.JUnitXMLReporter -->
<testsuite ignored="0" hostname="DESKTOP-JCJ8HOK" failures="0" tests="7" name="Create Booking Test - Apply Discount -- Instant Payment" time="0.154" errors="0" timestamp="2021-10-21T19:35:02 IST">
  <testcase classname="testcases.BookingSearch" name="searchHotel" time="0.016"/>
  <testcase classname="testcases.BookingSearch" name="selectHotel" time="0.01"/>
  <testcase classname="testcases.BookingSearch" name="enterGuestInfo" time="0.002"/>
  <testcase classname="testcases.PaymentManager" name="applyDiscount" time="0.002"/>
  <testcase classname="testcases.PaymentManager" name="makePayment" time="0.008"/>
  <testcase classname="testcases.CustomerCommunications" name="checkMail" time="0.002"/>
  <testcase classname="testcases.CustomerCommunications" name="checkMobile" time="0.002"/>
</testsuite> <!-- Create Booking Test - Apply Discount - Instant Payment -->
