<?xml version="1.0" encoding="UTF-8"?>
<!-- Generated by org.testng.reporters.JUnitXMLReporter -->
<testsuite ignored="1" hostname="DESKTOP-JCJ8HOK" failures="0" tests="6" name="Create Booking Test - No Discount" time="0.243" errors="0" timestamp="2021-10-21T19:35:02 IST">
  <testcase classname="testcases.BookingSearch" name="searchHotel" time="0.027"/>
  <testcase classname="testcases.BookingSearch" name="selectHotel" time="0.005"/>
  <testcase classname="testcases.BookingSearch" name="enterGuestInfo" time="0.003"/>
  <testcase classname="testcases.PaymentManager" name="makePayment" time="0.003"/>
  <testcase classname="testcases.CustomerCommunications" name="checkMail" time="0.011"/>
  <testcase classname="testcases.CustomerCommunications" name="checkMobile" time="0.01"/>
  <testcase classname="testcases.PaymentManager" name="applyDiscount" time="0.0">
    <ignored/>
  </testcase> <!-- applyDiscount -->
</testsuite> <!-- Create Booking Test - No Discount -->
