<?xml version="1.0" encoding="UTF-8"?>
<testng-results ignored="8" total="12" passed="4" failed="0" skipped="0">
  <reporter-output>
  </reporter-output>
  <suite started-at="2021-11-24T13:52:57Z" name="ProtifolioSuite" finished-at="2021-11-24T13:53:13Z" duration-ms="16545">
    <groups>
    </groups>
    <test started-at="2021-11-24T13:52:57Z" name="Create PortifolioTest" finished-at="2021-11-24T13:53:08Z" duration-ms="10900">
      <class name="testcases.PortifolioManagement">
        <test-method is-config="true" signature="beforeMethod(org.testng.ITestContext)[pri:0, instance:testcases.PortifolioManagement@3a6bb9bf]" started-at="2021-11-24T13:53:06Z" name="beforeMethod" finished-at="2021-11-24T13:53:06Z" duration-ms="1" status="PASS">
          <params>
            <param index="0">
              <value>
                <![CDATA[org.testng.TestRunner@d08edc5]]>
              </value>
            </param>
          </params>
          <reporter-output>
          </reporter-output>
        </test-method> <!-- beforeMethod -->
        <test-method signature="createportifolio()[pri:0, instance:testcases.PortifolioManagement@3a6bb9bf]" started-at="2021-11-24T13:53:06Z" name="createportifolio" finished-at="2021-11-24T13:53:06Z" duration-ms="9" status="PASS">
          <reporter-output>
          </reporter-output>
        </test-method> <!-- createportifolio -->
      </class> <!-- testcases.PortifolioManagement -->
      <class name="testcases.Session">
        <test-method is-config="true" signature="beforeTest(org.testng.ITestContext)[pri:0, instance:testcases.Session@68c72235]" started-at="2021-11-24T13:52:57Z" name="beforeTest" finished-at="2021-11-24T13:52:57Z" duration-ms="669" status="PASS">
          <params>
            <param index="0">
              <value>
                <![CDATA[org.testng.TestRunner@d08edc5]]>
              </value>
            </param>
          </params>
          <reporter-output>
          </reporter-output>
        </test-method> <!-- beforeTest -->
        <test-method is-config="true" signature="beforeMethod(org.testng.ITestContext)[pri:0, instance:testcases.Session@68c72235]" started-at="2021-11-24T13:52:57Z" name="beforeMethod" finished-at="2021-11-24T13:52:57Z" duration-ms="1" status="PASS">
          <params>
            <param index="0">
              <value>
                <![CDATA[org.testng.TestRunner@d08edc5]]>
              </value>
            </param>
          </params>
          <reporter-output>
          </reporter-output>
        </test-method> <!-- beforeMethod -->
        <test-method signature="doLogin()[pri:0, instance:testcases.Session@68c72235]" started-at="2021-11-24T13:52:57Z" name="doLogin" finished-at="2021-11-24T13:53:06Z" duration-ms="8493" status="PASS">
          <reporter-output>
          </reporter-output>
        </test-method> <!-- doLogin -->
        <test-method is-config="true" signature="quit()[pri:0, instance:testcases.Session@68c72235]" started-at="2021-11-24T13:53:06Z" name="quit" finished-at="2021-11-24T13:53:08Z" duration-ms="1661" status="PASS">
          <reporter-output>
          </reporter-output>
        </test-method> <!-- quit -->
      </class> <!-- testcases.Session -->
    </test> <!-- Create PortifolioTest -->
    <test started-at="2021-11-24T13:53:08Z" name="Delete PortifolioTest" finished-at="2021-11-24T13:53:13Z" duration-ms="5587">
      <class name="testcases.PortifolioManagement">
        <test-method is-config="true" signature="beforeMethod(org.testng.ITestContext)[pri:0, instance:testcases.PortifolioManagement@4e096385]" started-at="2021-11-24T13:53:13Z" name="beforeMethod" finished-at="2021-11-24T13:53:13Z" duration-ms="0" status="PASS">
          <params>
            <param index="0">
              <value>
                <![CDATA[org.testng.TestRunner@49fa1d74]]>
              </value>
            </param>
          </params>
          <reporter-output>
          </reporter-output>
        </test-method> <!-- beforeMethod -->
        <test-method signature="deleteportifolio()[pri:0, instance:testcases.PortifolioManagement@4e096385]" started-at="2021-11-24T13:53:13Z" name="deleteportifolio" finished-at="2021-11-24T13:53:13Z" duration-ms="8" status="PASS">
          <reporter-output>
          </reporter-output>
        </test-method> <!-- deleteportifolio -->
      </class> <!-- testcases.PortifolioManagement -->
      <class name="testcases.Session">
        <test-method is-config="true" signature="beforeTest(org.testng.ITestContext)[pri:0, instance:testcases.Session@27ff5d15]" started-at="2021-11-24T13:53:08Z" name="beforeTest" finished-at="2021-11-24T13:53:08Z" duration-ms="4" status="PASS">
          <params>
            <param index="0">
              <value>
                <![CDATA[org.testng.TestRunner@49fa1d74]]>
              </value>
            </param>
          </params>
          <reporter-output>
          </reporter-output>
        </test-method> <!-- beforeTest -->
        <test-method is-config="true" signature="beforeMethod(org.testng.ITestContext)[pri:0, instance:testcases.Session@27ff5d15]" started-at="2021-11-24T13:53:08Z" name="beforeMethod" finished-at="2021-11-24T13:53:08Z" duration-ms="3" status="PASS">
          <params>
            <param index="0">
              <value>
                <![CDATA[org.testng.TestRunner@49fa1d74]]>
              </value>
            </param>
          </params>
          <reporter-output>
          </reporter-output>
        </test-method> <!-- beforeMethod -->
        <test-method signature="doLogin()[pri:0, instance:testcases.Session@27ff5d15]" started-at="2021-11-24T13:53:08Z" name="doLogin" finished-at="2021-11-24T13:53:13Z" duration-ms="5149" status="PASS">
          <reporter-output>
          </reporter-output>
        </test-method> <!-- doLogin -->
        <test-method is-config="true" signature="quit()[pri:0, instance:testcases.Session@27ff5d15]" started-at="2021-11-24T13:53:13Z" name="quit" finished-at="2021-11-24T13:53:13Z" duration-ms="409" status="PASS">
          <reporter-output>
          </reporter-output>
        </test-method> <!-- quit -->
      </class> <!-- testcases.Session -->
    </test> <!-- Delete PortifolioTest -->
  </suite> <!-- ProtifolioSuite -->
</testng-results>
