<?xml version="1.0" encoding="UTF-8"?>
<!-- Generated by org.testng.reporters.JUnitXMLReporter -->
<testsuite ignored="0" hostname="DESKTOP-JCJ8HOK" failures="0" tests="7" name="Test" time="0.41" errors="0" timestamp="2021-10-21T19:30:23 IST">
  <testcase classname="testcases.BookingSearch" name="searchHotel" time="0.084"/>
  <testcase classname="testcases.BookingSearch" name="selectHotel" time="0.023"/>
  <testcase classname="testcases.BookingSearch" name="enterGuestInfo" time="0.008"/>
  <testcase classname="testcases.PaymentManager" name="applyDiscount" time="0.002"/>
  <testcase classname="testcases.PaymentManager" name="makePayment" time="0.004"/>
  <testcase classname="testcases.CustomerCommunications" name="checkMail" time="0.004"/>
  <testcase classname="testcases.CustomerCommunications" name="checkMobile" time="0.028"/>
</testsuite> <!-- Test -->
