<?xml version="1.0" encoding="UTF-8"?>
<testng-results ignored="0" total="1" passed="1" failed="0" skipped="0">
  <reporter-output>
  </reporter-output>
  <suite started-at="2021-10-22T18:55:30 IST" name="My Suite" finished-at="2021-10-22T18:55:30 IST" duration-ms="230">
    <groups>
    </groups>
    <test started-at="2021-10-22T18:55:30 IST" name="LoginTest" finished-at="2021-10-22T18:55:30 IST" duration-ms="230">
      <class name="testcases.Login">
        <test-method signature="f()[pri:0, instance:testcases.Login@19d37183]" started-at="2021-10-22T18:55:30 IST" name="f" finished-at="2021-10-22T18:55:30 IST" duration-ms="47" status="PASS">
          <reporter-output>
          </reporter-output>
        </test-method> <!-- f -->
      </class> <!-- testcases.Login -->
    </test> <!-- LoginTest -->
  </suite> <!-- My Suite -->
</testng-results>
